0 info it worked if it ends with ok
1 verbose cli [ '/Users/tanjahennis 1/.nvm/versions/node/v6.9.5/bin/node',
1 verbose cli   '/Users/tanjahennis 1/.nvm/versions/node/v6.9.5/bin/npm',
1 verbose cli   'run',
1 verbose cli   'start' ]
2 info using npm@3.10.10
3 info using node@v6.9.5
4 verbose run-script [ 'prestart', 'start', 'poststart' ]
5 info lifecycle werewolves-game-api@1.5.1~prestart: werewolves-game-api@1.5.1
6 silly lifecycle werewolves-game-api@1.5.1~prestart: no script for prestart, continuing
7 info lifecycle werewolves-game-api@1.5.1~start: werewolves-game-api@1.5.1
8 verbose lifecycle werewolves-game-api@1.5.1~start: unsafe-perm in lifecycle true
9 verbose lifecycle werewolves-game-api@1.5.1~start: PATH: /Users/tanjahennis 1/.nvm/versions/node/v6.9.5/lib/node_modules/npm/bin/node-gyp-bin:/Users/tanjahennis 1/heenenweerwolven/werewolves-api/node_modules/.bin:/Users/tanjahennis 1/.nvm/versions/node/v6.9.5/bin:/Users/tanjahennis 1/.rbenv/shims:/Users/tanjahennis 1/.rbenv/bin:/Users/tanjahennis 1/.rbenv/shims:/Users/tanjahennis 1/.rbenv/bin:/Users/tanjahennis 1/.rbenv/shims:/Library/Frameworks/Python.framework/Versions/3.5/bin:/usr/local/bin:/usr/bin:/bin:/usr/sbin:/sbin:/Applications/Postgres.app/Contents/Versions/latest/bin
10 verbose lifecycle werewolves-game-api@1.5.1~start: CWD: /Users/tanjahennis 1/heenenweerwolven/werewolves-api
11 silly lifecycle werewolves-game-api@1.5.1~start: Args: [ '-c', 'node .' ]
12 silly lifecycle werewolves-game-api@1.5.1~start: Returned: code: 1  signal: null
13 info lifecycle werewolves-game-api@1.5.1~start: Failed to exec start script
14 verbose stack Error: werewolves-game-api@1.5.1 start: `node .`
14 verbose stack Exit status 1
14 verbose stack     at EventEmitter.<anonymous> (/Users/tanjahennis 1/.nvm/versions/node/v6.9.5/lib/node_modules/npm/lib/utils/lifecycle.js:255:16)
14 verbose stack     at emitTwo (events.js:106:13)
14 verbose stack     at EventEmitter.emit (events.js:191:7)
14 verbose stack     at ChildProcess.<anonymous> (/Users/tanjahennis 1/.nvm/versions/node/v6.9.5/lib/node_modules/npm/lib/utils/spawn.js:40:14)
14 verbose stack     at emitTwo (events.js:106:13)
14 verbose stack     at ChildProcess.emit (events.js:191:7)
14 verbose stack     at maybeClose (internal/child_process.js:877:16)
14 verbose stack     at Process.ChildProcess._handle.onexit (internal/child_process.js:226:5)
15 verbose pkgid werewolves-game-api@1.5.1
16 verbose cwd /Users/tanjahennis 1/heenenweerwolven/werewolves-api
17 error Darwin 17.4.0
18 error argv "/Users/tanjahennis 1/.nvm/versions/node/v6.9.5/bin/node" "/Users/tanjahennis 1/.nvm/versions/node/v6.9.5/bin/npm" "run" "start"
19 error node v6.9.5
20 error npm  v3.10.10
21 error code ELIFECYCLE
22 error werewolves-game-api@1.5.1 start: `node .`
22 error Exit status 1
23 error Failed at the werewolves-game-api@1.5.1 start script 'node .'.
23 error Make sure you have the latest version of node.js and npm installed.
23 error If you do, this is most likely a problem with the werewolves-game-api package,
23 error not with npm itself.
23 error Tell the author that this fails on your system:
23 error     node .
23 error You can get information on how to open an issue for this project with:
23 error     npm bugs werewolves-game-api
23 error Or if that isn't available, you can get their info via:
23 error     npm owner ls werewolves-game-api
23 error There is likely additional logging output above.
24 verbose exit [ 1, true ]
